/*C1*/SET SCHEMA SYSTEM_LOBS
INSERT INTO BLOCKS VALUES(0,2147483647,0)
COMMIT
/*C2*/SET SCHEMA PUBLIC
CREATE TABLE CUSTOMER (\u000a\u0009id INTEGER IDENTITY, \u000a\u0009name VARCHAR(32) NOT NULL,\u000a\u0009password VARCHAR(32) NOT NULL,\u000a\u0009\u000a)
CREATE TABLE MOVIE(\u000a\u0009id INTEGER IDENTITY,\u000a\u0009movieName VARCHAR(100) NOT NULL,\u000a\u0009writerName VARCHAR(200) NOT NULL,\u000a\u0009directorName VARCHAR(200) NOT NULL,\u000a\u0009imdbRating DOUBLE NOT NULL,\u000a\u0009\u000a\u0009genre VARCHAR(20) NOT NULL,\u000a\u000a    )
CREATE TABLE BAGG(\u000a\u0009id INTEGER IDENTITY, \u000a\u0009name VARCHAR(32) NOT NULL\u000a)
CREATE TABLE BAGLINEE (\u000a\u0009ID INTEGER IDENTITY,\u000a\u0009MOVIE_ID INTEGER,\u000a\u0009REVIEW VARCHAR(200),\u000a\u0009FOREIGN KEY (MOVIE_ID) REFERENCES MOVIE(ID)ON DELETE CASCADE ON UPDATE CASCADE\u000a)
CREATE TABLE CUSTOMER_BAGG (\u000a\u0009CUSTOMER_ID INTEGER,\u000a\u0009BAG_ID INTEGER,\u000a\u0009FOREIGN KEY (CUSTOMER_ID) REFERENCES CUSTOMER(ID)ON DELETE CASCADE ON UPDATE CASCADE,\u000a\u0009FOREIGN KEY (BAG_ID) REFERENCES BAGG(ID)ON DELETE CASCADE ON UPDATE CASCADE\u000a)
CREATE TABLE BAG_BAGLINEE (\u000a\u0009BAG_ID INTEGER, \u000a\u0009BAGLINE_ID INTEGER,\u000a\u0009FOREIGN KEY (BAG_ID) REFERENCES BAGG(ID)ON DELETE CASCADE ON UPDATE CASCADE,\u000a\u0009FOREIGN KEY (BAGLINE_ID) REFERENCES BAGLINEE(ID)ON DELETE CASCADE ON UPDATE CASCADE\u000a)
CREATE TABLE COMINGSOON(\u000a\u0009id INTEGER IDENTITY,\u000a\u0009moviename VARCHAR(100) NOT NULL,\u000a    genre VARCHAR(20) NOT NULL,\u000a    detail VARCHAR(500) NOT NULL,\u000a   \u000a\u000a    )
INSERT INTO COMINGSOON VALUES(0,'The Good Dinosaur','Animation','An epic journey into the world of dinosaurs where an Apatosaurus named Arlo makes an unlikely human friend')
COMMIT
INSERT INTO COMINGSOON VALUES(1,'Victor Frankenstein','Drama','Told from Igors perspective, we see the troubled young assistants dark origins, his redemptive friendship with the young medical student Viktor Von Frankenstein, and become eyewitnesses to the emergence of how Frankenstein became the man - and the legend - we know today.')
COMMIT
INSERT INTO COMINGSOON VALUES(2,'The Danish Girl','Biography','The remarkable love story inspired by the lives of artists Lili Elbe and Gerda Wegener. Lili and Gerdas marriage and work evolve as they navigate Lilis groundbreaking journey as a transgender pioneer.')
COMMIT
INSERT INTO COMINGSOON VALUES(3,'Janis: Little Girl Blue','Documentary','The life and rise of Janis Joplin.')
COMMIT
INSERT INTO COMINGSOON VALUES(4,'Tom Swift and His Electric Rifle','Drama','In the early 2000s, two brothers found tremendous success when their company began selling a device that has been called the biggest revolution in law enforcement since the radio. But as their company grew, they made decisions that would have lasting impact on both the public and their increasingly skeptical customer base.')
COMMIT
INSERT INTO COMINGSOON VALUES(5,'The Good Dinosaur','Animation','An epic journey into the world of dinosaurs where an Apatosaurus named Arlo makes an unlikely human friend')
COMMIT
INSERT INTO COMINGSOON VALUES(6,'Victor Frankenstein','Drama','Told from Igors perspective, we see the troubled young assistants dark origins, his redemptive friendship with the young medical student Viktor Von Frankenstein, and become eyewitnesses to the emergence of how Frankenstein became the man - and the legend - we know today.')
COMMIT
INSERT INTO COMINGSOON VALUES(7,'The Danish Girl','Biography','The remarkable love story inspired by the lives of artists Lili Elbe and Gerda Wegener. Lili and Gerdas marriage and work evolve as they navigate Lilis groundbreaking journey as a transgender pioneer.')
COMMIT
INSERT INTO COMINGSOON VALUES(8,'Janis: Little Girl Blue','Documentary','The life and rise of Janis Joplin.')
COMMIT
INSERT INTO COMINGSOON VALUES(9,'Tom Swift and His Electric Rifle','Drama','In the early 2000s, two brothers found tremendous success when their company began selling a device that has been called the biggest revolution in law enforcement since the radio. But as their company grew, they made decisions that would have lasting impact on both the public and their increasingly skeptical customer base.')
COMMIT
INSERT INTO COMINGSOON VALUES(10,'The Good Dinosaur','Animation','An epic journey into the world of dinosaurs where an Apatosaurus named Arlo makes an unlikely human friend')
COMMIT
INSERT INTO COMINGSOON VALUES(11,'Victor Frankenstein','Drama','Told from Igors perspective, we see the troubled young assistants dark origins, his redemptive friendship with the young medical student Viktor Von Frankenstein, and become eyewitnesses to the emergence of how Frankenstein became the man - and the legend - we know today.')
COMMIT
INSERT INTO COMINGSOON VALUES(12,'The Danish Girl','Biography','The remarkable love story inspired by the lives of artists Lili Elbe and Gerda Wegener. Lili and Gerdas marriage and work evolve as they navigate Lilis groundbreaking journey as a transgender pioneer.')
COMMIT
INSERT INTO COMINGSOON VALUES(13,'Janis: Little Girl Blue','Documentary','The life and rise of Janis Joplin.')
COMMIT
INSERT INTO COMINGSOON VALUES(14,'Tom Swift and His Electric Rifle','Drama','In the early 2000s, two brothers found tremendous success when their company began selling a device that has been called the biggest revolution in law enforcement since the radio. But as their company grew, they made decisions that would have lasting impact on both the public and their increasingly skeptical customer base.')
COMMIT
/*C3*/SET SCHEMA PUBLIC
INSERT INTO CUSTOMER VALUES(0,'admin','1')
COMMIT
/*C4*/SET SCHEMA PUBLIC
INSERT INTO BAGG VALUES(0,'CustomerBag')
COMMIT
/*C5*/SET SCHEMA PUBLIC
INSERT INTO CUSTOMER_BAGG VALUES(0,0)
COMMIT
/*C9*/SET SCHEMA PUBLIC
INSERT INTO CUSTOMER VALUES(1,'merve','123')
COMMIT
/*C10*/SET SCHEMA PUBLIC
INSERT INTO BAGG VALUES(1,'CustomerBag')
COMMIT
/*C11*/SET SCHEMA PUBLIC
INSERT INTO CUSTOMER_BAGG VALUES(1,1)
COMMIT
/*C6*/SET SCHEMA PUBLIC
DISCONNECT
/*C13*/SET SCHEMA PUBLIC
DISCONNECT
/*C12*/SET SCHEMA PUBLIC
DISCONNECT
/*C11*/DISCONNECT
/*C10*/DISCONNECT
/*C9*/DISCONNECT
/*C8*/SET SCHEMA PUBLIC
DISCONNECT
/*C4*/DISCONNECT
/*C5*/DISCONNECT
/*C7*/SET SCHEMA PUBLIC
DISCONNECT
/*C3*/DISCONNECT
/*C21*/SET SCHEMA PUBLIC
INSERT INTO MOVIE VALUES(0,'test','test','test',6.0E0,'test')
COMMIT
/*C22*/SET SCHEMA PUBLIC
INSERT INTO MOVIE VALUES(1,'test2','test','test',2.0E0,'test')
COMMIT
/*C32*/SET SCHEMA PUBLIC
INSERT INTO BAGLINEE VALUES(0,0,'1')
COMMIT
/*C33*/SET SCHEMA PUBLIC
INSERT INTO BAG_BAGLINEE VALUES(1,0)
COMMIT
/*C42*/SET SCHEMA PUBLIC
INSERT INTO BAGLINEE VALUES(1,1,'4')
COMMIT
/*C43*/SET SCHEMA PUBLIC
INSERT INTO BAG_BAGLINEE VALUES(1,1)
COMMIT
/*C57*/SET SCHEMA PUBLIC
DELETE FROM BAG_BAGLINEE WHERE BAG_ID=1 AND BAGLINE_ID=0
DELETE FROM BAG_BAGLINEE WHERE BAG_ID=1 AND BAGLINE_ID=1
COMMIT
/*C2*/INSERT INTO MOVIE VALUES(2,'Scouts Guide to the Zombie Apocalypse',' Emi Mochizuki, Carrie Lee Wilson, Christopher Landon, Lona Williams',' Christopher Landon',6.2E0,'Comedy')
COMMIT
INSERT INTO MOVIE VALUES(3,'Brooklyn','Nick Hornby','John Crowley',7.4E0,'Drama')
COMMIT
INSERT INTO MOVIE VALUES(4,'The Hallow','Corin Hardy, Felipe Marino','Corin Hardy',5.9E0,' Horror')
COMMIT
INSERT INTO MOVIE VALUES(5,'The Daughter','Simon Stone','Simon Stone',7.6E0,'Drama')
COMMIT
INSERT INTO MOVIE VALUES(6,'Bone Tomahawk','S. Craig Zahler','S. Craig Zahler',7.3E0,'Horror')
COMMIT
INSERT INTO MOVIE VALUES(7,'Burnt','Steven Knight','John Wells',7.1E0,'Comedy')
COMMIT
INSERT INTO MOVIE VALUES(8,'I Smile Back','Paige Dylan, Amy Koppelman','Adam Salky',6.1E0,' Drama')
COMMIT
INSERT INTO MOVIE VALUES(9,'Jem and the Holograms','Ryan Landels','Jon M. Chu',3.3E0,' Adventure')
COMMIT
INSERT INTO MOVIE VALUES(10,'12 Monkeys','David Peoples, Janet Peoples','Terry Gilliam',8.1E0,'Thriller')
COMMIT
INSERT INTO MOVIE VALUES(11,'The Water Diviner','Andrew Anastasios, Andrew Knight','Russell Crowe',7.1E0,' Drama')
COMMIT
INSERT INTO MOVIE VALUES(12,'Burying the Ex','Alan Trezza','Joe Dante',5.4E0,'Comedy')
COMMIT
INSERT INTO MOVIE VALUES(13,'A Little Chaos','Alison Deegan','Alan Rickman',6.4E0,'Romance')
COMMIT
DISCONNECT
/*C61*/SET SCHEMA PUBLIC
DISCONNECT
/*C69*/SET SCHEMA PUBLIC
drop table comingsoon
CREATE TABLE COMINGSOON(\u000a\u0009id INTEGER IDENTITY,\u000a\u0009moviename VARCHAR(100) NOT NULL,\u000a    genre VARCHAR(20) NOT NULL,\u000a    detail VARCHAR(500) NOT NULL,\u000a   \u000a\u000a    )
INSERT INTO COMINGSOON VALUES(0,'The Good Dinosaur','Animation','An epic journey into the world of dinosaurs where an Apatosaurus named Arlo makes an unlikely human friend')
COMMIT
INSERT INTO COMINGSOON VALUES(1,'Victor Frankenstein','Drama','Told from Igors perspective, we see the troubled young assistants dark origins, his redemptive friendship with the young medical student Viktor Von Frankenstein, and become eyewitnesses to the emergence of how Frankenstein became the man - and the legend - we know today.')
COMMIT
INSERT INTO COMINGSOON VALUES(2,'The Danish Girl','Biography','The remarkable love story inspired by the lives of artists Lili Elbe and Gerda Wegener. Lili and Gerdas marriage and work evolve as they navigate Lilis groundbreaking journey as a transgender pioneer.')
COMMIT
INSERT INTO COMINGSOON VALUES(3,'Janis: Little Girl Blue','Documentary','The life and rise of Janis Joplin.')
COMMIT
INSERT INTO COMINGSOON VALUES(4,'Tom Swift and His Electric Rifle','Drama','In the early 2000s, two brothers found tremendous success when their company began selling a device that has been called the biggest revolution in law enforcement since the radio. But as their company grew, they made decisions that would have lasting impact on both the public and their increasingly skeptical customer base.')
COMMIT
/*C78*/SET SCHEMA PUBLIC
INSERT INTO BAGLINEE VALUES(2,2,'1')
COMMIT
/*C79*/SET SCHEMA PUBLIC
INSERT INTO BAG_BAGLINEE VALUES(1,2)
COMMIT
/*C88*/SET SCHEMA PUBLIC
INSERT INTO BAGLINEE VALUES(3,6,'1')
COMMIT
/*C89*/SET SCHEMA PUBLIC
INSERT INTO BAG_BAGLINEE VALUES(1,3)
COMMIT
/*C103*/SET SCHEMA PUBLIC
DELETE FROM BAG_BAGLINEE WHERE BAG_ID=1 AND BAGLINE_ID=2
DELETE FROM BAG_BAGLINEE WHERE BAG_ID=1 AND BAGLINE_ID=3
COMMIT
/*C14*/SET SCHEMA PUBLIC
DISCONNECT
/*C15*/SET SCHEMA PUBLIC
DISCONNECT
/*C17*/SET SCHEMA PUBLIC
DISCONNECT
/*C19*/SET SCHEMA PUBLIC
DISCONNECT
/*C20*/SET SCHEMA PUBLIC
DISCONNECT
/*C46*/SET SCHEMA PUBLIC
DISCONNECT
/*C23*/SET SCHEMA PUBLIC
DISCONNECT
/*C16*/SET SCHEMA PUBLIC
DISCONNECT
/*C22*/DISCONNECT
/*C27*/SET SCHEMA PUBLIC
DISCONNECT
/*C43*/DISCONNECT
/*C37*/SET SCHEMA PUBLIC
DISCONNECT
/*C81*/SET SCHEMA PUBLIC
DISCONNECT
/*C58*/SET SCHEMA PUBLIC
DISCONNECT
/*C30*/SET SCHEMA PUBLIC
DISCONNECT
/*C40*/SET SCHEMA PUBLIC
DISCONNECT
/*C57*/DISCONNECT
/*C24*/SET SCHEMA PUBLIC
DISCONNECT
/*C18*/SET SCHEMA PUBLIC
DISCONNECT
/*C25*/SET SCHEMA PUBLIC
DISCONNECT
/*C51*/SET SCHEMA PUBLIC
DISCONNECT
/*C26*/SET SCHEMA PUBLIC
DISCONNECT
/*C28*/SET SCHEMA PUBLIC
DISCONNECT
/*C21*/DISCONNECT
/*C32*/DISCONNECT
/*C29*/SET SCHEMA PUBLIC
DISCONNECT
/*C31*/SET SCHEMA PUBLIC
DISCONNECT
/*C33*/DISCONNECT
/*C34*/SET SCHEMA PUBLIC
DISCONNECT
/*C35*/SET SCHEMA PUBLIC
DISCONNECT
/*C36*/SET SCHEMA PUBLIC
DISCONNECT
/*C38*/SET SCHEMA PUBLIC
DISCONNECT
/*C39*/SET SCHEMA PUBLIC
DISCONNECT
/*C41*/SET SCHEMA PUBLIC
DISCONNECT
/*C42*/DISCONNECT
/*C52*/SET SCHEMA PUBLIC
DISCONNECT
/*C54*/SET SCHEMA PUBLIC
DISCONNECT
/*C44*/SET SCHEMA PUBLIC
DISCONNECT
/*C45*/SET SCHEMA PUBLIC
DISCONNECT
/*C47*/SET SCHEMA PUBLIC
DISCONNECT
/*C48*/SET SCHEMA PUBLIC
DISCONNECT
/*C49*/SET SCHEMA PUBLIC
DISCONNECT
/*C50*/SET SCHEMA PUBLIC
DISCONNECT
/*C53*/SET SCHEMA PUBLIC
DISCONNECT
/*C55*/SET SCHEMA PUBLIC
DISCONNECT
/*C56*/SET SCHEMA PUBLIC
DISCONNECT
/*C60*/SET SCHEMA PUBLIC
DISCONNECT
/*C63*/SET SCHEMA PUBLIC
DISCONNECT
/*C59*/SET SCHEMA PUBLIC
DISCONNECT
/*C73*/SET SCHEMA PUBLIC
DISCONNECT
/*C76*/SET SCHEMA PUBLIC
DISCONNECT
/*C65*/SET SCHEMA PUBLIC
DISCONNECT
/*C62*/SET SCHEMA PUBLIC
DISCONNECT
/*C64*/SET SCHEMA PUBLIC
DISCONNECT
/*C66*/SET SCHEMA PUBLIC
DISCONNECT
/*C68*/SET SCHEMA PUBLIC
DISCONNECT
/*C70*/SET SCHEMA PUBLIC
DISCONNECT
/*C67*/SET SCHEMA PUBLIC
DISCONNECT
/*C71*/SET SCHEMA PUBLIC
DISCONNECT
/*C80*/SET SCHEMA PUBLIC
DISCONNECT
/*C74*/SET SCHEMA PUBLIC
DISCONNECT
/*C72*/SET SCHEMA PUBLIC
DISCONNECT
/*C75*/SET SCHEMA PUBLIC
DISCONNECT
/*C77*/SET SCHEMA PUBLIC
DISCONNECT
/*C78*/DISCONNECT
/*C79*/DISCONNECT
/*C82*/SET SCHEMA PUBLIC
DISCONNECT
/*C85*/SET SCHEMA PUBLIC
DISCONNECT
/*C83*/SET SCHEMA PUBLIC
DISCONNECT
/*C84*/SET SCHEMA PUBLIC
DISCONNECT
/*C86*/SET SCHEMA PUBLIC
DISCONNECT
/*C87*/SET SCHEMA PUBLIC
DISCONNECT
/*C88*/DISCONNECT
/*C89*/DISCONNECT
/*C90*/SET SCHEMA PUBLIC
DISCONNECT
/*C91*/SET SCHEMA PUBLIC
DISCONNECT
/*C92*/SET SCHEMA PUBLIC
DISCONNECT
/*C93*/SET SCHEMA PUBLIC
DISCONNECT
/*C94*/SET SCHEMA PUBLIC
DISCONNECT
/*C95*/SET SCHEMA PUBLIC
DISCONNECT
/*C96*/SET SCHEMA PUBLIC
DISCONNECT
/*C97*/SET SCHEMA PUBLIC
DISCONNECT
/*C98*/SET SCHEMA PUBLIC
DISCONNECT
/*C99*/SET SCHEMA PUBLIC
DISCONNECT
/*C100*/SET SCHEMA PUBLIC
DISCONNECT
/*C101*/SET SCHEMA PUBLIC
DISCONNECT
/*C102*/SET SCHEMA PUBLIC
DISCONNECT
/*C103*/DISCONNECT
/*C104*/SET SCHEMA PUBLIC
DISCONNECT
/*C105*/SET SCHEMA PUBLIC
DISCONNECT
/*C106*/SET SCHEMA PUBLIC
DISCONNECT
/*C69*/DISCONNECT
/*C119*/SET SCHEMA PUBLIC
INSERT INTO BAGLINEE VALUES(4,4,'4')
COMMIT
/*C120*/SET SCHEMA PUBLIC
INSERT INTO BAG_BAGLINEE VALUES(1,4)
COMMIT
/*C129*/SET SCHEMA PUBLIC
INSERT INTO BAGLINEE VALUES(5,2,'1')
COMMIT
/*C130*/SET SCHEMA PUBLIC
INSERT INTO BAG_BAGLINEE VALUES(1,5)
COMMIT
/*C139*/SET SCHEMA PUBLIC
DELETE FROM BAGLINEE WHERE ID=2
DELETE FROM BAGLINEE WHERE ID=5
DELETE FROM BAG_BAGLINEE WHERE BAG_ID=1 AND BAGLINE_ID=5
COMMIT
/*C149*/SET SCHEMA PUBLIC
DELETE FROM BAG_BAGLINEE WHERE BAG_ID=1 AND BAGLINE_ID=4
COMMIT
/*C156*/SET SCHEMA PUBLIC
DELETE FROM MOVIE WHERE ID=0
DELETE FROM BAGLINEE WHERE ID=0
COMMIT
/*C158*/SET SCHEMA PUBLIC
DELETE FROM MOVIE WHERE ID=1
DELETE FROM BAGLINEE WHERE ID=1
COMMIT
/*C116*/SET SCHEMA PUBLIC
DISCONNECT
/*C126*/SET SCHEMA PUBLIC
DISCONNECT
/*C127*/SET SCHEMA PUBLIC
DISCONNECT
/*C128*/SET SCHEMA PUBLIC
DISCONNECT
/*C138*/SET SCHEMA PUBLIC
DISCONNECT
/*C154*/SET SCHEMA PUBLIC
DISCONNECT
/*C146*/SET SCHEMA PUBLIC
DISCONNECT
/*C147*/SET SCHEMA PUBLIC
DISCONNECT
/*C149*/DISCONNECT
/*C145*/SET SCHEMA PUBLIC
DISCONNECT
/*C143*/SET SCHEMA PUBLIC
DISCONNECT
/*C142*/SET SCHEMA PUBLIC
DISCONNECT
/*C141*/SET SCHEMA PUBLIC
DISCONNECT
/*C140*/SET SCHEMA PUBLIC
DISCONNECT
/*C151*/SET SCHEMA PUBLIC
DISCONNECT
/*C139*/DISCONNECT
/*C136*/SET SCHEMA PUBLIC
DISCONNECT
/*C135*/SET SCHEMA PUBLIC
DISCONNECT
/*C134*/SET SCHEMA PUBLIC
DISCONNECT
/*C137*/SET SCHEMA PUBLIC
DISCONNECT
/*C133*/SET SCHEMA PUBLIC
DISCONNECT
/*C132*/SET SCHEMA PUBLIC
DISCONNECT
/*C131*/SET SCHEMA PUBLIC
DISCONNECT
/*C130*/DISCONNECT
/*C129*/DISCONNECT
/*C125*/SET SCHEMA PUBLIC
DISCONNECT
/*C124*/SET SCHEMA PUBLIC
DISCONNECT
/*C123*/SET SCHEMA PUBLIC
DISCONNECT
/*C122*/SET SCHEMA PUBLIC
DISCONNECT
/*C121*/SET SCHEMA PUBLIC
DISCONNECT
/*C144*/SET SCHEMA PUBLIC
DISCONNECT
/*C120*/DISCONNECT
/*C119*/DISCONNECT
/*C118*/SET SCHEMA PUBLIC
DISCONNECT
/*C114*/SET SCHEMA PUBLIC
DISCONNECT
/*C113*/SET SCHEMA PUBLIC
DISCONNECT
/*C117*/SET SCHEMA PUBLIC
DISCONNECT
/*C111*/SET SCHEMA PUBLIC
DISCONNECT
/*C115*/SET SCHEMA PUBLIC
DISCONNECT
/*C110*/SET SCHEMA PUBLIC
DISCONNECT
/*C108*/SET SCHEMA PUBLIC
DISCONNECT
/*C109*/SET SCHEMA PUBLIC
DISCONNECT
/*C107*/SET SCHEMA PUBLIC
DISCONNECT
/*C112*/SET SCHEMA PUBLIC
DISCONNECT
/*C148*/SET SCHEMA PUBLIC
DISCONNECT
/*C150*/SET SCHEMA PUBLIC
DISCONNECT
/*C152*/SET SCHEMA PUBLIC
DISCONNECT
/*C153*/SET SCHEMA PUBLIC
DISCONNECT
/*C156*/DISCONNECT
/*C158*/DISCONNECT
/*C155*/SET SCHEMA PUBLIC
DISCONNECT
/*C161*/SET SCHEMA PUBLIC
DISCONNECT
/*C162*/SET SCHEMA PUBLIC
DISCONNECT
/*C157*/SET SCHEMA PUBLIC
DISCONNECT
/*C159*/SET SCHEMA PUBLIC
DISCONNECT
/*C160*/SET SCHEMA PUBLIC
DISCONNECT
/*C163*/SET SCHEMA PUBLIC
DISCONNECT
